2021-04-06 17:45:23 - PHP Warning:  file_get_contents(): php_network_getaddresses: getaddrinfo failed: No such host is known.  in C:\xampp\htdocs\ltsgroup\catalog\controller\extension\module\instagram.php on line 207
2021-04-06 17:45:23 - PHP Warning:  file_get_contents(https://graph.instagram.com/17841407501190441/media?fields=media_url,thumbnail_url,caption,media_type,timestamp,like_count,permalink,children{media_url,media_type,timestamp,permalink,thumbnail_url}&amp;limit=20&amp;access_token=): failed to open stream: php_network_getaddresses: getaddrinfo failed: No such host is known.  in C:\xampp\htdocs\ltsgroup\catalog\controller\extension\module\instagram.php on line 207
2021-04-06 17:45:23 - 
2021-04-06 17:45:23 - MAILCHIMP_INTEGRATION ERROR: CURL ERROR #6 - Could not resolve host: us17.api.mailchimp.com
2021-04-06 17:54:27 - PHP Warning:  file_get_contents(): php_network_getaddresses: getaddrinfo failed: No such host is known.  in C:\xampp\htdocs\ltsgroup\catalog\controller\extension\module\instagram.php on line 207
2021-04-06 17:54:27 - PHP Warning:  file_get_contents(https://graph.instagram.com/17841407501190441/media?fields=media_url,thumbnail_url,caption,media_type,timestamp,like_count,permalink,children{media_url,media_type,timestamp,permalink,thumbnail_url}&amp;limit=20&amp;access_token=IGQVJWQkRGX2JnSmNLM0poOUcwTEU1VVBwbTNZAZA1BMS2ZABWlMzOEtrYldWOThZANFFlNWdXUG42dF80T2tadUdyMmo4ejFtd09jNWt5ck9UQWJoWHpZAekROYlhxaEtlTlpnanV1OG1n): failed to open stream: php_network_getaddresses: getaddrinfo failed: No such host is known.  in C:\xampp\htdocs\ltsgroup\catalog\controller\extension\module\instagram.php on line 207
2021-04-06 17:54:27 - 
2021-04-06 17:54:27 - MAILCHIMP_INTEGRATION ERROR: CURL ERROR #6 - Could not resolve host: us17.api.mailchimp.com
2021-04-06 18:01:53 - PHP Warning:  file_get_contents(): php_network_getaddresses: getaddrinfo failed: No such host is known.  in C:\xampp\htdocs\ltsgroup\catalog\controller\extension\module\instagram.php on line 207
2021-04-06 18:01:53 - PHP Warning:  file_get_contents(https://graph.instagram.com/17841407501190441/media?fields=media_url,thumbnail_url,caption,media_type,timestamp,like_count,permalink,children{media_url,media_type,timestamp,permalink,thumbnail_url}&amp;limit=20&amp;access_token=IGQVJWQkRGX2JnSmNLM0poOUcwTEU1VVBwbTNZAZA1BMS2ZABWlMzOEtrYldWOThZANFFlNWdXUG42dF80T2tadUdyMmo4ejFtd09jNWt5ck9UQWJoWHpZAekROYlhxaEtlTlpnanV1OG1n): failed to open stream: php_network_getaddresses: getaddrinfo failed: No such host is known.  in C:\xampp\htdocs\ltsgroup\catalog\controller\extension\module\instagram.php on line 207
2021-04-06 18:01:53 - 
2021-04-06 18:01:53 - MAILCHIMP_INTEGRATION ERROR: CURL ERROR #6 - Could not resolve host: us17.api.mailchimp.com
2021-04-06 18:05:36 - PHP Warning:  file_get_contents(): php_network_getaddresses: getaddrinfo failed: No such host is known.  in C:\xampp\htdocs\ltsgroup\catalog\controller\extension\module\instagram.php on line 207
2021-04-06 18:05:36 - PHP Warning:  file_get_contents(https://graph.instagram.com/17841407501190441/media?fields=media_url,thumbnail_url,caption,media_type,timestamp,like_count,permalink,children{media_url,media_type,timestamp,permalink,thumbnail_url}&amp;limit=20&amp;access_token=IGQVJWQkRGX2JnSmNLM0poOUcwTEU1VVBwbTNZAZA1BMS2ZABWlMzOEtrYldWOThZANFFlNWdXUG42dF80T2tadUdyMmo4ejFtd09jNWt5ck9UQWJoWHpZAekROYlhxaEtlTlpnanV1OG1n): failed to open stream: php_network_getaddresses: getaddrinfo failed: No such host is known.  in C:\xampp\htdocs\ltsgroup\catalog\controller\extension\module\instagram.php on line 207
2021-04-06 18:05:36 - 
2021-04-06 18:05:36 - MAILCHIMP_INTEGRATION ERROR: CURL ERROR #6 - Could not resolve host: us17.api.mailchimp.com
2021-04-06 21:50:12 - PHP Warning:  file_get_contents(): php_network_getaddresses: getaddrinfo failed: No such host is known.  in C:\xampp\htdocs\ltsgroup\catalog\controller\extension\module\instagram.php on line 207
2021-04-06 21:50:12 - PHP Warning:  file_get_contents(https://graph.instagram.com/17841407501190441/media?fields=media_url,thumbnail_url,caption,media_type,timestamp,like_count,permalink,children{media_url,media_type,timestamp,permalink,thumbnail_url}&amp;limit=20&amp;access_token=IGQVJWQkRGX2JnSmNLM0poOUcwTEU1VVBwbTNZAZA1BMS2ZABWlMzOEtrYldWOThZANFFlNWdXUG42dF80T2tadUdyMmo4ejFtd09jNWt5ck9UQWJoWHpZAekROYlhxaEtlTlpnanV1OG1n): failed to open stream: php_network_getaddresses: getaddrinfo failed: No such host is known.  in C:\xampp\htdocs\ltsgroup\catalog\controller\extension\module\instagram.php on line 207
2021-04-06 21:50:12 - 
2021-04-06 21:50:12 - MAILCHIMP_INTEGRATION ERROR: CURL ERROR #6 - Could not resolve host: us17.api.mailchimp.com
2021-04-06 22:11:46 - PHP Warning:  file_get_contents(): php_network_getaddresses: getaddrinfo failed: No such host is known.  in C:\xampp\htdocs\ltsgroup\catalog\controller\extension\module\instagram.php on line 207
2021-04-06 22:11:46 - PHP Warning:  file_get_contents(https://graph.instagram.com/17841407501190441/media?fields=media_url,thumbnail_url,caption,media_type,timestamp,like_count,permalink,children{media_url,media_type,timestamp,permalink,thumbnail_url}&amp;limit=20&amp;access_token=IGQVJWQkRGX2JnSmNLM0poOUcwTEU1VVBwbTNZAZA1BMS2ZABWlMzOEtrYldWOThZANFFlNWdXUG42dF80T2tadUdyMmo4ejFtd09jNWt5ck9UQWJoWHpZAekROYlhxaEtlTlpnanV1OG1n): failed to open stream: php_network_getaddresses: getaddrinfo failed: No such host is known.  in C:\xampp\htdocs\ltsgroup\catalog\controller\extension\module\instagram.php on line 207
2021-04-06 22:11:46 - 
2021-04-06 22:11:46 - MAILCHIMP_INTEGRATION ERROR: CURL ERROR #6 - Could not resolve host: us17.api.mailchimp.com
2021-04-06 22:13:27 - PHP Warning:  file_get_contents(): php_network_getaddresses: getaddrinfo failed: No such host is known.  in C:\xampp\htdocs\ltsgroup\catalog\controller\extension\module\instagram.php on line 207
2021-04-06 22:13:27 - PHP Warning:  file_get_contents(https://graph.instagram.com/17841407501190441/media?fields=media_url,thumbnail_url,caption,media_type,timestamp,like_count,permalink,children{media_url,media_type,timestamp,permalink,thumbnail_url}&amp;limit=20&amp;access_token=IGQVJWQkRGX2JnSmNLM0poOUcwTEU1VVBwbTNZAZA1BMS2ZABWlMzOEtrYldWOThZANFFlNWdXUG42dF80T2tadUdyMmo4ejFtd09jNWt5ck9UQWJoWHpZAekROYlhxaEtlTlpnanV1OG1n): failed to open stream: php_network_getaddresses: getaddrinfo failed: No such host is known.  in C:\xampp\htdocs\ltsgroup\catalog\controller\extension\module\instagram.php on line 207
2021-04-06 22:13:27 - 
2021-04-06 22:13:27 - MAILCHIMP_INTEGRATION ERROR: CURL ERROR #6 - Could not resolve host: us17.api.mailchimp.com
