2018-06-01 18:23:02 - MOD: Modification Default
FILE: system/engine/action.php
REGEX: ~(require|include)(_once)?\(([^)]+)~
LINE: 41
FILE: system/engine/loader.php
REGEX: ~(require|include)(_once)?\(([^)]+)~
LINE: 49
LINE: 108
LINE: 120
LINE: 165
FILE: system/library/config.php
REGEX: ~(require|include)(_once)?\(([^)]+)~
LINE: 23
FILE: system/library/language.php
REGEX: ~(require|include)(_once)?\(([^)]+)~
LINE: 38
LINE: 40
LINE: 49
LINE: 51
LINE: 60
LINE: 62
FILE: system/library/template/php.php
REGEX: ~(require|include)(_once)?\(([^)]+)~
LINE: 18
FILE: system/library/template/tiwg.php
REGEX: ~(require|include)(_once)?\(([^)]+)~
LINE: 24
FILE: system/library/template/twig.php
NOT FOUND!
----------------------------------------------------------------
MOD: d_social_login
FILE: admin/model/customer/customer.php
CODE: $this->db->query("DELETE FROM " . DB_PREFIX . "customer WHERE customer_id = '" . (int)$customer_id . "'");
LINE: 78
----------------------------------------------------------------
2018-06-01 18:23:20 - MOD: Modification Default
FILE: system/engine/action.php
REGEX: ~(require|include)(_once)?\(([^)]+)~
LINE: 41
FILE: system/engine/loader.php
REGEX: ~(require|include)(_once)?\(([^)]+)~
LINE: 49
LINE: 108
LINE: 120
LINE: 165
FILE: system/library/config.php
REGEX: ~(require|include)(_once)?\(([^)]+)~
LINE: 23
FILE: system/library/language.php
REGEX: ~(require|include)(_once)?\(([^)]+)~
LINE: 38
LINE: 40
LINE: 49
LINE: 51
LINE: 60
LINE: 62
FILE: system/library/template/php.php
REGEX: ~(require|include)(_once)?\(([^)]+)~
LINE: 18
FILE: system/library/template/tiwg.php
REGEX: ~(require|include)(_once)?\(([^)]+)~
LINE: 24
FILE: system/library/template/twig.php
NOT FOUND!
----------------------------------------------------------------
MOD: d_social_login
FILE: admin/model/customer/customer.php
CODE: $this->db->query("DELETE FROM " . DB_PREFIX . "customer WHERE customer_id = '" . (int)$customer_id . "'");
LINE: 78
----------------------------------------------------------------
MOD: d_twig_manager
CODE: $file = DIR_TEMPLATE . $template;
NOT FOUND!
CODE: $output = $template->render($route . '.tpl'
LINE: 92
----------------------------------------------------------------
2018-08-15 14:24:57 - MOD: Modification Default
FILE: system/engine/action.php
REGEX: ~(require|include)(_once)?\(([^)]+)~
LINE: 41
FILE: system/engine/loader.php
REGEX: ~(require|include)(_once)?\(([^)]+)~
LINE: 49
LINE: 108
LINE: 120
LINE: 165
FILE: system/library/config.php
REGEX: ~(require|include)(_once)?\(([^)]+)~
LINE: 23
FILE: system/library/language.php
REGEX: ~(require|include)(_once)?\(([^)]+)~
LINE: 38
LINE: 40
LINE: 49
LINE: 51
LINE: 60
LINE: 62
FILE: system/library/template/php.php
REGEX: ~(require|include)(_once)?\(([^)]+)~
LINE: 18
FILE: system/library/template/tiwg.php
REGEX: ~(require|include)(_once)?\(([^)]+)~
LINE: 24
FILE: system/library/template/twig.php
NOT FOUND!
----------------------------------------------------------------
MOD: d_social_login
FILE: admin/model/customer/customer.php
CODE: $this->db->query("DELETE FROM " . DB_PREFIX . "customer WHERE customer_id = '" . (int)$customer_id . "'");
LINE: 79
----------------------------------------------------------------
2018-08-15 14:25:00 - MOD: Modification Default
FILE: system/engine/action.php
REGEX: ~(require|include)(_once)?\(([^)]+)~
LINE: 41
FILE: system/engine/loader.php
REGEX: ~(require|include)(_once)?\(([^)]+)~
LINE: 49
LINE: 108
LINE: 120
LINE: 165
FILE: system/library/config.php
REGEX: ~(require|include)(_once)?\(([^)]+)~
LINE: 23
FILE: system/library/language.php
REGEX: ~(require|include)(_once)?\(([^)]+)~
LINE: 38
LINE: 40
LINE: 49
LINE: 51
LINE: 60
LINE: 62
FILE: system/library/template/php.php
REGEX: ~(require|include)(_once)?\(([^)]+)~
LINE: 18
FILE: system/library/template/tiwg.php
REGEX: ~(require|include)(_once)?\(([^)]+)~
LINE: 24
FILE: system/library/template/twig.php
NOT FOUND!
----------------------------------------------------------------
MOD: d_social_login
FILE: admin/model/customer/customer.php
CODE: $this->db->query("DELETE FROM " . DB_PREFIX . "customer WHERE customer_id = '" . (int)$customer_id . "'");
LINE: 79
----------------------------------------------------------------
MOD: d_twig_manager
CODE: $file = DIR_TEMPLATE . $template;
NOT FOUND!
CODE: $output = $template->render($route . '.tpl'
LINE: 92
----------------------------------------------------------------
2018-10-23 4:16:09 - MOD: Modification Default
FILE: system/engine/action.php
REGEX: ~(require|include)(_once)?\(([^)]+)~
LINE: 41
FILE: system/engine/loader.php
REGEX: ~(require|include)(_once)?\(([^)]+)~
LINE: 49
LINE: 108
LINE: 120
LINE: 165
FILE: system/library/config.php
REGEX: ~(require|include)(_once)?\(([^)]+)~
LINE: 23
FILE: system/library/language.php
REGEX: ~(require|include)(_once)?\(([^)]+)~
LINE: 38
LINE: 40
LINE: 49
LINE: 51
LINE: 60
LINE: 62
FILE: system/library/template/php.php
REGEX: ~(require|include)(_once)?\(([^)]+)~
LINE: 18
FILE: system/library/template/tiwg.php
REGEX: ~(require|include)(_once)?\(([^)]+)~
LINE: 24
FILE: system/library/template/twig.php
NOT FOUND!
----------------------------------------------------------------
MOD: d_twig_manager
CODE: $file = DIR_TEMPLATE . $template;
NOT FOUND!
CODE: $output = $template->render($route . '.tpl'
LINE: 92
----------------------------------------------------------------
2018-10-23 14:22:02 - MOD: Modification Default
FILE: system/engine/action.php
REGEX: ~(require|include)(_once)?\(([^)]+)~
LINE: 41
FILE: system/engine/loader.php
REGEX: ~(require|include)(_once)?\(([^)]+)~
LINE: 49
LINE: 108
LINE: 120
LINE: 165
FILE: system/library/config.php
REGEX: ~(require|include)(_once)?\(([^)]+)~
LINE: 23
FILE: system/library/language.php
REGEX: ~(require|include)(_once)?\(([^)]+)~
LINE: 38
LINE: 40
LINE: 49
LINE: 51
LINE: 60
LINE: 62
FILE: system/library/template/php.php
REGEX: ~(require|include)(_once)?\(([^)]+)~
LINE: 18
FILE: system/library/template/tiwg.php
REGEX: ~(require|include)(_once)?\(([^)]+)~
LINE: 24
FILE: system/library/template/twig.php
NOT FOUND!
----------------------------------------------------------------
MOD: d_twig_manager
CODE: $file = DIR_TEMPLATE . $template;
NOT FOUND!
CODE: $output = $template->render($route . '.tpl'
LINE: 92
----------------------------------------------------------------
2018-10-23 14:22:08 - MOD: Modification Default
FILE: system/engine/action.php
REGEX: ~(require|include)(_once)?\(([^)]+)~
LINE: 41
FILE: system/engine/loader.php
REGEX: ~(require|include)(_once)?\(([^)]+)~
LINE: 49
LINE: 108
LINE: 120
LINE: 165
FILE: system/library/config.php
REGEX: ~(require|include)(_once)?\(([^)]+)~
LINE: 23
FILE: system/library/language.php
REGEX: ~(require|include)(_once)?\(([^)]+)~
LINE: 38
LINE: 40
LINE: 49
LINE: 51
LINE: 60
LINE: 62
FILE: system/library/template/php.php
REGEX: ~(require|include)(_once)?\(([^)]+)~
LINE: 18
FILE: system/library/template/tiwg.php
REGEX: ~(require|include)(_once)?\(([^)]+)~
LINE: 24
FILE: system/library/template/twig.php
NOT FOUND!
----------------------------------------------------------------
MOD: d_social_login
FILE: admin/model/customer/customer.php
CODE: $this->db->query("DELETE FROM " . DB_PREFIX . "customer WHERE customer_id = '" . (int)$customer_id . "'");
LINE: 129
----------------------------------------------------------------
MOD: d_twig_manager
CODE: $file = DIR_TEMPLATE . $template;
NOT FOUND!
CODE: $output = $template->render($route . '.tpl'
LINE: 92
----------------------------------------------------------------
2018-11-04 16:26:21 - MOD: Modification Default
FILE: system/engine/action.php
REGEX: ~(require|include)(_once)?\(([^)]+)~
LINE: 41
FILE: system/engine/loader.php
REGEX: ~(require|include)(_once)?\(([^)]+)~
LINE: 49
LINE: 108
LINE: 120
LINE: 165
FILE: system/library/config.php
REGEX: ~(require|include)(_once)?\(([^)]+)~
LINE: 23
FILE: system/library/language.php
REGEX: ~(require|include)(_once)?\(([^)]+)~
LINE: 38
LINE: 40
LINE: 49
LINE: 51
LINE: 60
LINE: 62
FILE: system/library/template/php.php
REGEX: ~(require|include)(_once)?\(([^)]+)~
LINE: 18
FILE: system/library/template/tiwg.php
REGEX: ~(require|include)(_once)?\(([^)]+)~
LINE: 24
FILE: system/library/template/twig.php
NOT FOUND!
----------------------------------------------------------------
MOD: d_twig_manager
CODE: $file = DIR_TEMPLATE . $template;
NOT FOUND!
CODE: $output = $template->render($route . '.tpl'
LINE: 92
----------------------------------------------------------------
2018-12-25 8:01:53 - MOD: Modification Default
FILE: system/engine/action.php
REGEX: ~(require|include)(_once)?\(([^)]+)~
LINE: 41
FILE: system/engine/loader.php
REGEX: ~(require|include)(_once)?\(([^)]+)~
LINE: 49
LINE: 108
LINE: 120
LINE: 165
FILE: system/library/config.php
REGEX: ~(require|include)(_once)?\(([^)]+)~
LINE: 23
FILE: system/library/language.php
REGEX: ~(require|include)(_once)?\(([^)]+)~
LINE: 38
LINE: 40
LINE: 49
LINE: 51
LINE: 60
LINE: 62
FILE: system/library/template/php.php
REGEX: ~(require|include)(_once)?\(([^)]+)~
LINE: 18
FILE: system/library/template/tiwg.php
REGEX: ~(require|include)(_once)?\(([^)]+)~
LINE: 24
FILE: system/library/template/twig.php
NOT FOUND!
----------------------------------------------------------------
MOD: d_twig_manager
CODE: $file = DIR_TEMPLATE . $template;
NOT FOUND!
CODE: $output = $template->render($route . '.tpl'
LINE: 92
----------------------------------------------------------------
2019-03-06 15:02:02 - MOD: Modification Default
FILE: system/engine/action.php
REGEX: ~(require|include)(_once)?\(([^)]+)~
LINE: 41
FILE: system/engine/loader.php
REGEX: ~(require|include)(_once)?\(([^)]+)~
LINE: 49
LINE: 108
LINE: 120
LINE: 165
FILE: system/library/config.php
REGEX: ~(require|include)(_once)?\(([^)]+)~
LINE: 23
FILE: system/library/language.php
REGEX: ~(require|include)(_once)?\(([^)]+)~
LINE: 38
LINE: 40
LINE: 49
LINE: 51
LINE: 60
LINE: 62
FILE: system/library/template/php.php
REGEX: ~(require|include)(_once)?\(([^)]+)~
LINE: 18
FILE: system/library/template/tiwg.php
REGEX: ~(require|include)(_once)?\(([^)]+)~
LINE: 24
FILE: system/library/template/twig.php
NOT FOUND!
----------------------------------------------------------------
MOD: d_twig_manager
CODE: $file = DIR_TEMPLATE . $template;
NOT FOUND!
CODE: $output = $template->render($route . '.tpl'
LINE: 92
----------------------------------------------------------------
2020-02-28 12:01:11 - MOD: Modification Default
FILE: system/engine/action.php
REGEX: ~(require|include)(_once)?\(([^)]+)~
LINE: 41
FILE: system/engine/loader.php
REGEX: ~(require|include)(_once)?\(([^)]+)~
LINE: 49
LINE: 108
LINE: 120
LINE: 165
FILE: system/library/config.php
REGEX: ~(require|include)(_once)?\(([^)]+)~
LINE: 23
FILE: system/library/language.php
REGEX: ~(require|include)(_once)?\(([^)]+)~
LINE: 38
LINE: 40
LINE: 49
LINE: 51
LINE: 60
LINE: 62
FILE: system/library/template/php.php
REGEX: ~(require|include)(_once)?\(([^)]+)~
LINE: 18
FILE: system/library/template/tiwg.php
REGEX: ~(require|include)(_once)?\(([^)]+)~
LINE: 24
FILE: system/library/template/twig.php
NOT FOUND!
----------------------------------------------------------------
MOD: d_twig_manager
CODE: $file = DIR_TEMPLATE . $template;
NOT FOUND!
CODE: $output = $template->render($route . '.tpl'
LINE: 92
----------------------------------------------------------------
2020-04-02 12:13:19 - MOD: Modification Default
FILE: system/engine/action.php
REGEX: ~(require|include)(_once)?\(([^)]+)~
LINE: 41
FILE: system/engine/loader.php
REGEX: ~(require|include)(_once)?\(([^)]+)~
LINE: 49
LINE: 108
LINE: 120
LINE: 165
FILE: system/library/config.php
REGEX: ~(require|include)(_once)?\(([^)]+)~
LINE: 23
FILE: system/library/language.php
REGEX: ~(require|include)(_once)?\(([^)]+)~
LINE: 38
LINE: 40
LINE: 49
LINE: 51
LINE: 60
LINE: 62
FILE: system/library/template/php.php
REGEX: ~(require|include)(_once)?\(([^)]+)~
LINE: 18
FILE: system/library/template/tiwg.php
REGEX: ~(require|include)(_once)?\(([^)]+)~
LINE: 24
FILE: system/library/template/twig.php
NOT FOUND!
----------------------------------------------------------------
MOD: d_twig_manager
CODE: $file = DIR_TEMPLATE . $template;
NOT FOUND!
CODE: $output = $template->render($route . '.tpl'
LINE: 92
----------------------------------------------------------------
2020-10-07 13:25:35 - MOD: Modification Default
FILE: system/engine/action.php
REGEX: ~(require|include)(_once)?\(([^)]+)~
LINE: 41
FILE: system/engine/loader.php
REGEX: ~(require|include)(_once)?\(([^)]+)~
LINE: 49
LINE: 108
LINE: 120
LINE: 165
FILE: system/library/config.php
REGEX: ~(require|include)(_once)?\(([^)]+)~
LINE: 23
FILE: system/library/language.php
REGEX: ~(require|include)(_once)?\(([^)]+)~
LINE: 38
LINE: 40
LINE: 49
LINE: 51
LINE: 60
LINE: 62
FILE: system/library/template/php.php
REGEX: ~(require|include)(_once)?\(([^)]+)~
LINE: 18
FILE: system/library/template/tiwg.php
REGEX: ~(require|include)(_once)?\(([^)]+)~
LINE: 24
FILE: system/library/template/twig.php
NOT FOUND!
----------------------------------------------------------------
MOD: d_twig_manager
CODE: $file = DIR_TEMPLATE . $template;
NOT FOUND!
CODE: $output = $template->render($route . '.tpl'
LINE: 92
----------------------------------------------------------------
